d:\game_server\iocp 공부용\debug\vc142.pdb
d:\game_server\iocp 공부용\debug\vc142.idb
d:\game_server\iocp 공부용\debug\iocp 기본 설명.obj
d:\game_server\iocp 공부용\debug\file_copy_iocp.obj
d:\game_server\iocp 공부용\debug\1_iocp 기본 설명.obj
d:\game_server\iocp 공부용\debug\wsaasyncselect.obj
d:\game_server\iocp 공부용\debug\wsaeventselect.obj
d:\game_server\iocp 공부용\debug\echosvrex.obj
d:\game_server\iocp 공부용\debug\echosvrex_2.obj
d:\game_server\iocp 공부용\debug\client.obj
d:\game_server\iocp 공부용\debug\iocp 공부용.exe
d:\game_server\iocp 공부용\debug\iocp 공부용.ilk
d:\game_server\iocp 공부용\debug\iocp 공부용.pdb
d:\game_server\iocp 공부용\debug\test 2.obj
d:\game_server\iocp 공부용\debug\test.obj
d:\game_server\iocp 공부용\debug\testgqcsex.obj
d:\game_server\iocp 공부용\debug\client.ilk
d:\game_server\iocp 공부용\debug\client.pdb
d:\game_server\iocp 공부용\debug\iocp 공부용.tlog\cl.command.1.tlog
d:\game_server\iocp 공부용\debug\iocp 공부용.tlog\cl.read.1.tlog
d:\game_server\iocp 공부용\debug\iocp 공부용.tlog\cl.write.1.tlog
d:\game_server\iocp 공부용\debug\iocp 공부용.tlog\link.command.1.tlog
d:\game_server\iocp 공부용\debug\iocp 공부용.tlog\link.read.1.tlog
d:\game_server\iocp 공부용\debug\iocp 공부용.tlog\link.write.1.tlog
